<?xml version="1.0" encoding="UTF-8"?>
<testng-results skipped="0" failed="0" ignored="0" total="1" passed="1">
  <reporter-output>
  </reporter-output>
  <suite name="Default suite" duration-ms="81" started-at="2019-06-15T02:46:41Z" finished-at="2019-06-15T02:46:41Z">
    <groups>
    </groups>
    <test name="Default test" duration-ms="81" started-at="2019-06-15T02:46:41Z" finished-at="2019-06-15T02:46:41Z">
      <class name="com.cdac.question1.Question1.Question1ApplicationTests">
        <test-method status="PASS" signature="contextLoads()[pri:0, instance:com.cdac.question1.Question1.Question1ApplicationTests@4bec1f0c]" name="contextLoads" duration-ms="22" started-at="2019-06-15T02:46:41Z" finished-at="2019-06-15T02:46:41Z">
          <reporter-output>
          </reporter-output>
        </test-method> <!-- contextLoads -->
      </class> <!-- com.cdac.question1.Question1.Question1ApplicationTests -->
    </test> <!-- Default test -->
  </suite> <!-- Default suite -->
</testng-results>
